<?xml version="1.0" encoding="UTF-8"?>
<testng-results ignored="2" total="5" passed="3" failed="0" skipped="0">
  <reporter-output>
    <line>
      <![CDATA[username = dan@gmail.com]]>
    </line>
    <line>
      <![CDATA[password = test123]]>
    </line>
  </reporter-output>
  <suite started-at="2021-07-27T15:46:09 GST" name="Failed suite [Regression Suite]" finished-at="2021-07-27T15:46:14 GST" duration-ms="5503">
    <groups>
    </groups>
    <test started-at="2021-07-27T15:46:09 GST" name="Regression Test-Chrome(failed)" finished-at="2021-07-27T15:46:14 GST" duration-ms="5503">
      <class name="test.BasicValidationTest">
        <test-method signature="verifyUrl()[pri:0, instance:test.BasicValidationTest@550ee7e5]" started-at="2021-07-27T15:46:13 GST" name="verifyUrl" finished-at="2021-07-27T15:46:13 GST" duration-ms="8" status="PASS">
          <reporter-output>
          </reporter-output>
        </test-method> <!-- verifyUrl -->
        <test-method signature="verifyTitle()[pri:0, instance:test.BasicValidationTest@550ee7e5]" started-at="2021-07-27T15:46:13 GST" name="verifyTitle" finished-at="2021-07-27T15:46:13 GST" duration-ms="7" status="PASS">
          <reporter-output>
          </reporter-output>
        </test-method> <!-- verifyTitle -->
      </class> <!-- test.BasicValidationTest -->
      <class name="test.LoginTest">
        <test-method is-config="true" signature="beforeTest(java.lang.String,java.lang.String)[pri:0, instance:test.LoginTest@1a4013]" started-at="2021-07-27T15:46:09 GST" name="beforeTest" finished-at="2021-07-27T15:46:13 GST" duration-ms="4491" status="PASS">
          <params>
            <param index="0">
              <value>
                <![CDATA[chrome]]>
              </value>
            </param>
            <param index="1">
              <value>
                <![CDATA[https://en-gb.facebook.com/]]>
              </value>
            </param>
          </params>
          <reporter-output>
          </reporter-output>
        </test-method> <!-- beforeTest -->
        <test-method signature="loginValidation()[pri:0, instance:test.LoginTest@1a4013]" started-at="2021-07-27T15:46:13 GST" name="loginValidation" finished-at="2021-07-27T15:46:13 GST" duration-ms="287" status="PASS">
          <reporter-output>
            <line>
              <![CDATA[username = dan@gmail.com]]>
            </line>
            <line>
              <![CDATA[password = test123]]>
            </line>
          </reporter-output>
        </test-method> <!-- loginValidation -->
        <test-method is-config="true" signature="afterTest()[pri:0, instance:test.LoginTest@1a4013]" started-at="2021-07-27T15:46:13 GST" name="afterTest" finished-at="2021-07-27T15:46:14 GST" duration-ms="670" status="PASS">
          <reporter-output>
          </reporter-output>
        </test-method> <!-- afterTest -->
      </class> <!-- test.LoginTest -->
    </test> <!-- Regression Test-Chrome(failed) -->
  </suite> <!-- Failed suite [Regression Suite] -->
</testng-results>
